<?xml version="1.0" encoding="UTF-8"?>
<!-- Generated by org.testng.reporters.JUnitXMLReporter -->
<testsuite ignored="6" hostname="INHYDLCRAO1" failures="0" tests="0" time="0.012" errors="0" timestamp="2022-02-12T12:13:52 IST">
  <testcase classname="com.dhana.news.TestNG_Priority_Annotations" name="d_method" time="0.0">
    <ignored/>
  </testcase> <!-- d_method -->
  <testcase classname="com.dhana.news.TestNG_Priority_Annotations" name="b_method" time="0.0">
    <ignored/>
  </testcase> <!-- b_method -->
  <testcase classname="com.dhana.news.TestNG_Priority_Annotations" name="e_method" time="0.0">
    <ignored/>
  </testcase> <!-- e_method -->
  <testcase classname="com.dhana.news.TestNG_Priority_Annotations" name="No_method" time="0.0">
    <ignored/>
  </testcase> <!-- No_method -->
  <testcase classname="com.dhana.news.TestNG_Priority_Annotations" name="a_method" time="0.0">
    <ignored/>
  </testcase> <!-- a_method -->
  <testcase classname="com.dhana.news.TestNG_Priority_Annotations" name="c_method" time="0.0">
    <ignored/>
  </testcase> <!-- c_method -->
</testsuite>
